<?xml version="1.0" encoding="UTF-8"?>
<!-- Generated by org.testng.reporters.JUnitXMLReporter -->
<testsuite ignored="0" hostname="Meena-Laptop" failures="0" tests="3" name="Default test" time="2.795" errors="0" timestamp="2024-11-10T18:37:40 CST">
  <testcase classname="com.github.tests.get.ValidateGitHub_GetRepository_Functionality" name="validateGetSingleRepository" time="1.383"/>
  <testcase classname="com.github.tests.get.ValidateGitHub_GetRepository_Functionality" name="validateGetData_InvalidRepositoryName" time="0.214"/>
  <testcase classname="com.github.tests.get.ValidateGitHub_GetRepository_Functionality" name="validateGetAllRepositories" time="0.625"/>
</testsuite> <!-- Default test -->
