<?xml version="1.0" encoding="UTF-8"?>
<!-- Generated by org.testng.reporters.JUnitXMLReporter -->
<testsuite ignored="0" hostname="Meena-Laptop" failures="0" tests="5" name="Git Hub API Test CRUD functionality" time="2.569" errors="0" timestamp="2024-11-10T19:46:18 CST">
  <testcase classname="com.github.tests.CRUD.ValidateGitHubRepository_CRUD_Functionality" name="validateAddRepositoryFunctionality" time="1.258"/>
  <testcase classname="com.github.tests.CRUD.ValidateGitHubRepository_CRUD_Functionality" name="validateAddRepositoryWithExistingName_Invalid" time="0.215"/>
  <testcase classname="com.github.tests.CRUD.ValidateGitHubRepository_CRUD_Functionality" name="validateUpdateRepositoryNameFunctionality" time="0.545"/>
  <testcase classname="com.github.tests.CRUD.ValidateGitHubRepository_CRUD_Functionality" name="validateDeleteRepositoryFunctionality" time="0.337"/>
  <testcase classname="com.github.tests.CRUD.ValidateGitHubRepository_CRUD_Functionality" name="validateDeleteRepository_NotExists" time="0.202"/>
</testsuite> <!-- Git Hub API Test CRUD functionality -->
