<?xml version="1.0" encoding="UTF-8"?>
<!-- Generated by org.testng.reporters.JUnitXMLReporter -->
<testsuite ignored="0" hostname="Meena-Laptop" failures="0" tests="3" name="Git Hub API Test Get functionality" time="2.859" errors="0" timestamp="2024-11-10T19:46:15 CST">
  <testcase classname="com.github.tests.GETData.ValidateGitHub_GetRepository_Functionality" name="validateGetSingleRepository" time="1.431"/>
  <testcase classname="com.github.tests.GETData.ValidateGitHub_GetRepository_Functionality" name="validateGetData_InvalidRepositoryName" time="0.213"/>
  <testcase classname="com.github.tests.GETData.ValidateGitHub_GetRepository_Functionality" name="validateGetAllRepositories" time="0.616"/>
</testsuite> <!-- Git Hub API Test Get functionality -->
